                                                                                                                                                                                                              config
logs
node_modules
package.json
src
static
taskmaster.js
  config
logs
node_modules
package.json
src
static
taskmaster.js
 /private/tmp
 /private/tmp
 /nfs/2015/e/eebersol/Documents/Projet/Task-Master
 com.apple.launchd.1W2t9wjK3f
com.apple.launchd.eSnEFRIQ10
ct.shutdown
munki_swupd_cache
pwd.stderr
pwd.stdout
 config
logs
node_modules
package.json
src
static
taskmaster.js
 config
logs
node_modules
package.json
src
static
taskmaster.js
 /private/tmp
 /nfs/2015/e/eebersol/Documents/Projet/Task-Master
 com.apple.launchd.1W2t9wjK3f
com.apple.launchd.eSnEFRIQ10
ct.shutdown
munki_swupd_cache
pwd.stderr
pwd.stdout
 config
logs
node_modules
package.json
src
static
taskmaster.js
 /private/tmp
 /nfs/2015/e/eebersol/Documents/Projet/Task-Master
 com.apple.launchd.1W2t9wjK3f
com.apple.launchd.eSnEFRIQ10
ct.shutdown
munki_swupd_cache
pwd.stderr
pwd.stdout
 config
logs
node_modules
package.json
src
static
taskmaster.js
 /private/tmp
 /nfs/2015/e/eebersol/Documents/Projet/Task-Master
 com.apple.launchd.1W2t9wjK3f
com.apple.launchd.eSnEFRIQ10
ct.shutdown
munki_swupd_cache
pwd.stderr
pwd.stdout
 /nfs/2015/e/eebersol/Documents/Projet/Task-Master
 com.apple.launchd.1W2t9wjK3f
com.apple.launchd.eSnEFRIQ10
ct.shutdown
munki_swupd_cache
pwd.stderr
pwd.stdout
 config
logs
node_modules
package.json
src
static
taskmaster.js
 /private/tmp
 /nfs/2015/e/eebersol/Documents/Projet/Task-Master
 com.apple.launchd.1W2t9wjK3f
com.apple.launchd.eSnEFRIQ10
ct.shutdown
munki_swupd_cache
pwd.stderr
pwd.stdout
 config
logs
node_modules
package.json
src
static
taskmaster.js
 /private/tmp
 /nfs/2015/e/eebersol/Documents/Projet/Task-Master
 com.apple.launchd.1W2t9wjK3f
com.apple.launchd.eSnEFRIQ10
ct.shutdown
munki_swupd_cache
pwd.stderr
pwd.stdout
 config
logs
node_modules
package.json
src
static
taskmaster.js
 /private/tmp
 /nfs/2015/e/eebersol/Documents/Projet/Task-Master
 /nfs/2015/e/eebersol/Documents/Projet/Task-Master
 com.apple.launchd.1W2t9wjK3f
com.apple.launchd.eSnEFRIQ10
ct.shutdown
munki_swupd_cache
pwd.stderr
pwd.stdout
 config
logs
node_modules
package.json
src
static
taskmaster.js
 /private/tmp
